[debug] [2022-10-15T16:29:20.713Z] ----------------------------------------------------------------------
[debug] [2022-10-15T16:29:20.715Z] Command:       /home/essomessa/.nvm/versions/node/v18.0.0/bin/node /home/essomessa/.nvm/versions/node/v18.0.0/bin/firebase init
[debug] [2022-10-15T16:29:20.716Z] CLI Version:   11.14.4
[debug] [2022-10-15T16:29:20.716Z] Platform:      linux
[debug] [2022-10-15T16:29:20.716Z] Node Version:  v18.0.0
[debug] [2022-10-15T16:29:20.716Z] Time:          Sat Oct 15 2022 18:29:20 GMT+0200 (heure d’été d’Europe centrale)
[debug] [2022-10-15T16:29:20.717Z] ----------------------------------------------------------------------
[debug] 
[debug] [2022-10-15T16:29:20.725Z] > command requires scopes: ["email","openid","https://www.googleapis.com/auth/cloudplatformprojects.readonly","https://www.googleapis.com/auth/firebase","https://www.googleapis.com/auth/cloud-platform"]
[debug] [2022-10-15T16:29:20.725Z] > authorizing via signed-in user (projethealthpy@gmail.com)
[info] 
     ######## #### ########  ######## ########     ###     ######  ########
     ##        ##  ##     ## ##       ##     ##  ##   ##  ##       ##
     ######    ##  ########  ######   ########  #########  ######  ######
     ##        ##  ##    ##  ##       ##     ## ##     ##       ## ##
     ##       #### ##     ## ######## ########  ##     ##  ######  ########

You're about to initialize a Firebase project in this directory:

  /home/essomessa/Bureau/SecureBank

[info] 
=== Project Setup
[info] 
[info] First, let's associate this project directory with a Firebase project.
[info] You can create multiple project aliases by running firebase use --add, 
[info] but for now we'll just set up a default project.
[info] 
[debug] [2022-10-15T16:29:24.075Z] Using project from CLI flag: securite-carte
[debug] [2022-10-15T16:29:24.078Z] >>> [apiv2][query] GET https://firebase.googleapis.com/v1beta1/projects/securite-carte [none]
[debug] [2022-10-15T16:29:24.693Z] <<< [apiv2][status] GET https://firebase.googleapis.com/v1beta1/projects/securite-carte 403
[debug] [2022-10-15T16:29:24.693Z] <<< [apiv2][body] GET https://firebase.googleapis.com/v1beta1/projects/securite-carte {"error":{"code":403,"message":"The caller does not have permission","status":"PERMISSION_DENIED"}}
[debug] [2022-10-15T16:29:24.694Z] HTTP Error: 403, The caller does not have permission
[debug] [2022-10-15T16:29:24.695Z] FirebaseError: HTTP Error: 403, The caller does not have permission
    at responseToError (/home/essomessa/.nvm/versions/node/v18.0.0/lib/node_modules/firebase-tools/lib/responseToError.js:49:12)
    at RetryOperation._fn (/home/essomessa/.nvm/versions/node/v18.0.0/lib/node_modules/firebase-tools/lib/apiv2.js:288:77)
    at process.processTicksAndRejections (node:internal/process/task_queues:95:5)
[error] 
[error] Error: Failed to get Firebase project securite-carte. Please make sure the project exists and your account has permission to access it.
